<?xml version="1.0" encoding="UTF-8"?>
<TestRun id="10dc69df-d2d4-4657-80f2-ccb66877aefb" name="jmd@JMD-MPIP 2012-04-10 11:13:39" runUser="jmd-mpip\jmd" xmlns="http://microsoft.com/schemas/VisualStudio/TeamTest/2006">
  <TestRunConfiguration name="Local Test Run" id="b11e7721-989e-4d2c-8ab1-e036b122d350">
    <Description>This is a default test run configuration for a local test run.</Description>
    <Deployment runDeploymentRoot="D:\imp study\MP IP PROJECT 2012\RetailStore\RetailStore\TestResults\jmd_JMD-MPIP 2012-04-10 11_13_39">
      <DeploymentItem filename="D:\imp study\MP IP PROJECT 2012\RetailStore\RetailStore\RetailStore\bin\Debug\RetailStore.exe" />
    </Deployment>
    <TestTypeSpecific />
  </TestRunConfiguration>
  <ResultSummary outcome="Failed">
    <Counters total="5" executed="5" error="0" failed="4" timeout="0" aborted="0" inconclusive="1" passedButRunAborted="0" notRunnable="0" notExecuted="0" disconnected="0" warning="0" passed="0" completed="0" inProgress="0" pending="0" />
  </ResultSummary>
  <Times creation="2012-04-10T11:13:39.9713174+05:30" queuing="2012-04-10T11:13:44.0117245+05:30" start="2012-04-10T11:13:44.4797253+05:30" finish="2012-04-10T11:13:45.6185273+05:30" />
  <TestDefinitions>
    <UnitTest name="getCustomerTypeTest" storage="d:\imp study\mp ip project 2012\retailstore\retailstore\retailstore_test\bin\debug\retailstore_test.dll" id="0dbd8dd6-d3a4-00ca-160b-242abd07d1e4">
      <Css projectStructure="" iteration="" />
      <Owners>
        <Owner name="" />
      </Owners>
      <Execution id="e0391f5d-1909-4c64-90c5-dc9ee52545cd" />
      <TestMethod codeBase="D:\imp study\MP IP PROJECT 2012\RetailStore\RetailStore\RetailStore_Test\bin\Debug\RetailStore_Test.dll" adapterTypeName="Microsoft.VisualStudio.TestTools.TestTypes.Unit.UnitTestAdapter, Microsoft.VisualStudio.QualityTools.Tips.UnitTest.Adapter, Version=9.0.0.0, Culture=neutral, PublicKeyToken=b03f5f7f11d50a3a" className="RetailStore_Test.getDataTest, RetailStore_Test" name="getCustomerTypeTest" />
    </UnitTest>
    <UnitTest name="calculateDiscountConstructorTest" storage="d:\imp study\mp ip project 2012\retailstore\retailstore\retailstore_test\bin\debug\retailstore_test.dll" id="7dc1b756-3596-66e9-fa22-69dadc8831f1">
      <Css projectStructure="" iteration="" />
      <Owners>
        <Owner name="" />
      </Owners>
      <DeploymentItems>
        <DeploymentItem filename="RetailStore.exe" />
      </DeploymentItems>
      <Execution id="a76916a6-8c2e-4394-ada7-99169b34d706" />
      <TestMethod codeBase="D:\imp study\MP IP PROJECT 2012\RetailStore\RetailStore\RetailStore_Test\bin\Debug\RetailStore_Test.dll" adapterTypeName="Microsoft.VisualStudio.TestTools.TestTypes.Unit.UnitTestAdapter, Microsoft.VisualStudio.QualityTools.Tips.UnitTest.Adapter, Version=9.0.0.0, Culture=neutral, PublicKeyToken=b03f5f7f11d50a3a" className="RetailStore_Test.calculateDiscountTest, RetailStore_Test" name="calculateDiscountConstructorTest" />
    </UnitTest>
    <UnitTest name="getNetAmountTest" storage="d:\imp study\mp ip project 2012\retailstore\retailstore\retailstore_test\bin\debug\retailstore_test.dll" id="c4a7ab70-0280-bca8-0d0f-ff27f04c1b32">
      <Css projectStructure="" iteration="" />
      <Owners>
        <Owner name="" />
      </Owners>
      <DeploymentItems>
        <DeploymentItem filename="RetailStore.exe" />
      </DeploymentItems>
      <Execution id="92ffe786-5e34-4ce6-ba45-c4ec46101b92" />
      <TestMethod codeBase="D:\imp study\MP IP PROJECT 2012\RetailStore\RetailStore\RetailStore_Test\bin\Debug\RetailStore_Test.dll" adapterTypeName="Microsoft.VisualStudio.TestTools.TestTypes.Unit.UnitTestAdapter, Microsoft.VisualStudio.QualityTools.Tips.UnitTest.Adapter, Version=9.0.0.0, Culture=neutral, PublicKeyToken=b03f5f7f11d50a3a" className="RetailStore_Test.calculateDiscountTest, RetailStore_Test" name="getNetAmountTest" />
    </UnitTest>
    <UnitTest name="GetPercentageDiscountTest" storage="d:\imp study\mp ip project 2012\retailstore\retailstore\retailstore_test\bin\debug\retailstore_test.dll" id="f0b5acef-16eb-e611-f026-506b6f780f21">
      <Css projectStructure="" iteration="" />
      <Owners>
        <Owner name="" />
      </Owners>
      <DeploymentItems>
        <DeploymentItem filename="RetailStore.exe" />
      </DeploymentItems>
      <Execution id="4e12d278-73a1-40e7-b4f6-a5a6ee08168c" />
      <TestMethod codeBase="D:\imp study\MP IP PROJECT 2012\RetailStore\RetailStore\RetailStore_Test\bin\Debug\RetailStore_Test.dll" adapterTypeName="Microsoft.VisualStudio.TestTools.TestTypes.Unit.UnitTestAdapter, Microsoft.VisualStudio.QualityTools.Tips.UnitTest.Adapter, Version=9.0.0.0, Culture=neutral, PublicKeyToken=b03f5f7f11d50a3a" className="RetailStore_Test.calculateDiscountTest, RetailStore_Test" name="GetPercentageDiscountTest" />
    </UnitTest>
    <UnitTest name="getDiscountDataTest" storage="d:\imp study\mp ip project 2012\retailstore\retailstore\retailstore_test\bin\debug\retailstore_test.dll" id="6ee1d9ff-87fb-c44a-ceee-41402ddb960d">
      <Css projectStructure="" iteration="" />
      <Owners>
        <Owner name="" />
      </Owners>
      <Execution id="8524cf98-c957-4ab2-9894-1cb85c8d32c4" />
      <TestMethod codeBase="D:\imp study\MP IP PROJECT 2012\RetailStore\RetailStore\RetailStore_Test\bin\Debug\RetailStore_Test.dll" adapterTypeName="Microsoft.VisualStudio.TestTools.TestTypes.Unit.UnitTestAdapter, Microsoft.VisualStudio.QualityTools.Tips.UnitTest.Adapter, Version=9.0.0.0, Culture=neutral, PublicKeyToken=b03f5f7f11d50a3a" className="RetailStore_Test.getDataTest, RetailStore_Test" name="getDiscountDataTest" />
    </UnitTest>
  </TestDefinitions>
  <TestLists>
    <TestList name="Results Not in a List" id="8c84fa94-04c1-424b-9868-57a2d4851a1d" />
    <TestList name="All Loaded Results" id="19431567-8539-422a-85d7-44ee4e166bda" />
  </TestLists>
  <TestEntries>
    <TestEntry testId="0dbd8dd6-d3a4-00ca-160b-242abd07d1e4" executionId="e0391f5d-1909-4c64-90c5-dc9ee52545cd" testListId="8c84fa94-04c1-424b-9868-57a2d4851a1d" />
    <TestEntry testId="6ee1d9ff-87fb-c44a-ceee-41402ddb960d" executionId="8524cf98-c957-4ab2-9894-1cb85c8d32c4" testListId="8c84fa94-04c1-424b-9868-57a2d4851a1d" />
    <TestEntry testId="f0b5acef-16eb-e611-f026-506b6f780f21" executionId="4e12d278-73a1-40e7-b4f6-a5a6ee08168c" testListId="8c84fa94-04c1-424b-9868-57a2d4851a1d" />
    <TestEntry testId="c4a7ab70-0280-bca8-0d0f-ff27f04c1b32" executionId="92ffe786-5e34-4ce6-ba45-c4ec46101b92" testListId="8c84fa94-04c1-424b-9868-57a2d4851a1d" />
    <TestEntry testId="7dc1b756-3596-66e9-fa22-69dadc8831f1" executionId="a76916a6-8c2e-4394-ada7-99169b34d706" testListId="8c84fa94-04c1-424b-9868-57a2d4851a1d" />
  </TestEntries>
  <Results>
    <UnitTestResult executionId="e0391f5d-1909-4c64-90c5-dc9ee52545cd" testId="0dbd8dd6-d3a4-00ca-160b-242abd07d1e4" testName="getCustomerTypeTest" computerName="JMD-MPIP" duration="00:00:00.1029502" startTime="2012-04-10T11:13:44.6669256+05:30" endTime="2012-04-10T11:13:45.1505265+05:30" testType="13cdc9d9-ddb5-4fa4-a97d-d965ccfc6d4b" outcome="Failed" testListId="8c84fa94-04c1-424b-9868-57a2d4851a1d">
      <Output>
        <ErrorInfo>
          <Message>Assert.AreEqual failed. Expected:&lt;&gt;. Actual:&lt;NonExistingCust&gt;. </Message>
          <StackTrace>   at RetailStore_Test.getDataTest.getCustomerTypeTest() in D:\imp study\MP IP PROJECT 2012\RetailStore\RetailStore\RetailStore_Test\getDataTest.cs:line 77
</StackTrace>
        </ErrorInfo>
      </Output>
    </UnitTestResult>
    <UnitTestResult executionId="8524cf98-c957-4ab2-9894-1cb85c8d32c4" testId="6ee1d9ff-87fb-c44a-ceee-41402ddb960d" testName="getDiscountDataTest" computerName="JMD-MPIP" duration="00:00:00.0213292" startTime="2012-04-10T11:13:45.1973265+05:30" endTime="2012-04-10T11:13:45.2285266+05:30" testType="13cdc9d9-ddb5-4fa4-a97d-d965ccfc6d4b" outcome="Failed" testListId="8c84fa94-04c1-424b-9868-57a2d4851a1d">
      <Output>
        <ErrorInfo>
          <Message>Test method RetailStore_Test.getDataTest.getDiscountDataTest threw exception:  System.NullReferenceException: Object reference not set to an instance of an object..</Message>
          <StackTrace>    at RetailStore.getData.getDiscountData(Hashtable dtDiscountData) in D:\imp study\MP IP PROJECT 2012\RetailStore\RetailStore\RetailStore\DAL\getData.cs:line 14
   at RetailStore_Test.getDataTest.getDiscountDataTest() in D:\imp study\MP IP PROJECT 2012\RetailStore\RetailStore\RetailStore_Test\getDataTest.cs:line 90
</StackTrace>
        </ErrorInfo>
      </Output>
    </UnitTestResult>
    <UnitTestResult executionId="4e12d278-73a1-40e7-b4f6-a5a6ee08168c" testId="f0b5acef-16eb-e611-f026-506b6f780f21" testName="GetPercentageDiscountTest" computerName="JMD-MPIP" duration="00:00:00.0870308" startTime="2012-04-10T11:13:45.2441266+05:30" endTime="2012-04-10T11:13:45.3377268+05:30" testType="13cdc9d9-ddb5-4fa4-a97d-d965ccfc6d4b" outcome="Failed" testListId="8c84fa94-04c1-424b-9868-57a2d4851a1d">
      <Output>
        <ErrorInfo>
          <Message>Test method RetailStore_Test.calculateDiscountTest.GetPercentageDiscountTest threw exception:  System.NullReferenceException: Object reference not set to an instance of an object..</Message>
          <StackTrace>    at RetailStore.calculateDiscount.GetPercentageDiscount(String custID) in D:\imp study\MP IP PROJECT 2012\RetailStore\RetailStore\RetailStore\BAL\getDiscount.cs:line 34
   at RetailStore.calculateDiscount_Accessor.GetPercentageDiscount(String custID)
   at RetailStore_Test.calculateDiscountTest.GetPercentageDiscountTest() in D:\imp study\MP IP PROJECT 2012\RetailStore\RetailStore\RetailStore_Test\calculateDiscountTest.cs:line 78
</StackTrace>
        </ErrorInfo>
      </Output>
    </UnitTestResult>
    <UnitTestResult executionId="92ffe786-5e34-4ce6-ba45-c4ec46101b92" testId="c4a7ab70-0280-bca8-0d0f-ff27f04c1b32" testName="getNetAmountTest" computerName="JMD-MPIP" duration="00:00:00.0315334" startTime="2012-04-10T11:13:45.3533268+05:30" endTime="2012-04-10T11:13:45.4001269+05:30" testType="13cdc9d9-ddb5-4fa4-a97d-d965ccfc6d4b" outcome="Failed" testListId="8c84fa94-04c1-424b-9868-57a2d4851a1d">
      <Output>
        <ErrorInfo>
          <Message>Test method RetailStore_Test.calculateDiscountTest.getNetAmountTest threw exception:  System.NullReferenceException: Object reference not set to an instance of an object..</Message>
          <StackTrace>    at RetailStore.calculateDiscount.getNetAmount(CustomerInfo oCustomerInfo) in D:\imp study\MP IP PROJECT 2012\RetailStore\RetailStore\RetailStore\BAL\getDiscount.cs:line 39
   at RetailStore.calculateDiscount_Accessor.getNetAmount(CustomerInfo_Accessor oCustomerInfo)
   at RetailStore_Test.calculateDiscountTest.getNetAmountTest() in D:\imp study\MP IP PROJECT 2012\RetailStore\RetailStore\RetailStore_Test\calculateDiscountTest.cs:line 93
</StackTrace>
        </ErrorInfo>
      </Output>
    </UnitTestResult>
    <UnitTestResult executionId="a76916a6-8c2e-4394-ada7-99169b34d706" testId="7dc1b756-3596-66e9-fa22-69dadc8831f1" testName="calculateDiscountConstructorTest" computerName="JMD-MPIP" duration="00:00:00.0149016" startTime="2012-04-10T11:13:45.4001269+05:30" endTime="2012-04-10T11:13:45.4313270+05:30" testType="13cdc9d9-ddb5-4fa4-a97d-d965ccfc6d4b" outcome="Inconclusive" testListId="8c84fa94-04c1-424b-9868-57a2d4851a1d">
      <Output>
        <ErrorInfo>
          <Message>Assert.Inconclusive failed. TODO: Implement code to verify target</Message>
          <StackTrace>   at RetailStore_Test.calculateDiscountTest.calculateDiscountConstructorTest() in D:\imp study\MP IP PROJECT 2012\RetailStore\RetailStore\RetailStore_Test\calculateDiscountTest.cs:line 106
</StackTrace>
        </ErrorInfo>
      </Output>
    </UnitTestResult>
  </Results>
</TestRun>